This is LuaTeX, Version beta-0.76.0-2013070111 (rev 4627)  (format=lualatex 2014.1.22)  14 FEB 2014 19:47
 \write18 enabled.
**rapport.tex
(./rapport.tex
LaTeX2e <2011/06/27>
Babel <3.9f> and hyphenation patterns for 78 languages loaded.
(/usr/share/texlive/texmf-dist/tex/latex/base/article.cls
Document Class: article 2007/10/19 v1.4h Standard LaTeX document class
(/usr/share/texlive/texmf-dist/tex/latex/base/size10.clo
File: size10.clo 2007/10/19 v1.4h Standard LaTeX file (size option)
)
\c@part=\count79
\c@section=\count80
\c@subsection=\count81
\c@subsubsection=\count82
\c@paragraph=\count83
\c@subparagraph=\count84
\c@figure=\count85
\c@table=\count86
\abovecaptionskip=\skip41
\belowcaptionskip=\skip42
\bibindent=\dimen102
)
(/usr/share/texlive/texmf-dist/tex/latex/base/inputenc.sty
Package: inputenc 2008/03/30 v1.1d Input encoding file
\inpenc@prehook=\toks14
\inpenc@posthook=\toks15

(/usr/share/texlive/texmf-dist/tex/latex/base/ansinew.def
File: ansinew.def 2008/03/30 v1.1d Input encoding file
))
(/usr/share/texlive/texmf-dist/tex/latex/minted/minted.sty
Package: minted 2011/09/17 v1.7 Yet another Pygments shim for LaTeX

(/usr/share/texlive/texmf-dist/tex/latex/graphics/keyval.sty
Package: keyval 1999/03/16 v1.13 key=value parser (DPC)
\KV@toks@=\toks16
)
(/usr/share/texlive/texmf-dist/tex/latex/fancyvrb/fancyvrb.sty
Package: fancyvrb 2008/02/07

Style option: `fancyvrb' v2.7a, with DG/SPQR fixes, and firstline=lastline fix 
<2008/02/07> (tvz)
\FV@CodeLineNo=\count87
\FV@InFile=\read1
\FV@TabBox=\box26
\c@FancyVerbLine=\count88
\FV@StepNumber=\count89
\FV@OutFile=\write3
) (/usr/share/texmf/tex/latex/xcolor/xcolor.sty
Package: xcolor 2007/01/21 v2.11 LaTeX color extensions (UK)

(/usr/share/texlive/texmf-dist/tex/latex/latexconfig/color.cfg
File: color.cfg 2007/01/18 v1.5 color configuration of teTeX/TeXLive
)
Package xcolor Info: Driver file: pdftex.def on input line 225.

(/usr/share/texlive/texmf-dist/tex/latex/pdftex-def/pdftex.def
File: pdftex.def 2011/05/27 v0.06d Graphics/color for pdfTeX

(/usr/share/texlive/texmf-dist/tex/generic/oberdiek/infwarerr.sty
Package: infwarerr 2010/04/08 v1.3 Providing info/warning/error messages (HO)
)
(/usr/share/texlive/texmf-dist/tex/generic/oberdiek/ltxcmds.sty
Package: ltxcmds 2011/11/09 v1.22 LaTeX kernel commands for general use (HO)
)
(/usr/share/texlive/texmf-dist/tex/generic/oberdiek/pdftexcmds.sty
Package: pdftexcmds 2011/11/29 v0.20 Utility functions of pdfTeX for LuaTeX (HO)


(/usr/share/texlive/texmf-dist/tex/generic/oberdiek/ifluatex.sty
Package: ifluatex 2010/03/01 v1.3 Provides the ifluatex switch (HO)
Package ifluatex Info: LuaTeX detected.
)
(/usr/share/texlive/texmf-dist/tex/generic/oberdiek/ifpdf.sty
Package: ifpdf 2011/01/30 v2.3 Provides the ifpdf switch (HO)
Package ifpdf Info: pdfTeX in PDF mode is detected.
)
Package pdftexcmds Info: \pdf@primitive is available.
Package pdftexcmds Info: \pdf@ifprimitive is available.
Package pdftexcmds Info: \pdfdraftmode found.

(/usr/share/texlive/texmf-dist/tex/generic/oberdiek/luatex-loader.sty
Package: luatex-loader 2010/03/09 v0.4 Lua module loader (HO)

(/usr/share/texlive/texmf-dist/scripts/oberdiek/oberdiek.luatex.lua))
\pdftexcmds@toks=\toks17
)
\Gread@gobject=\count90
)
Package xcolor Info: Model `cmy' substituted by `cmy0' on input line 1337.
Package xcolor Info: Model `hsb' substituted by `rgb' on input line 1341.
Package xcolor Info: Model `RGB' extended on input line 1353.
Package xcolor Info: Model `HTML' substituted by `rgb' on input line 1355.
Package xcolor Info: Model `Hsb' substituted by `hsb' on input line 1356.
Package xcolor Info: Model `tHsb' substituted by `hsb' on input line 1357.
Package xcolor Info: Model `HSB' substituted by `hsb' on input line 1358.
Package xcolor Info: Model `Gray' substituted by `gray' on input line 1359.
Package xcolor Info: Model `wave' substituted by `hsb' on input line 1360.
)
(/usr/share/texlive/texmf-dist/tex/latex/float/float.sty
Package: float 2001/11/08 v1.3d Float enhancements (AL)
\c@float@type=\count91
\float@exts=\toks18
\float@box=\box27
\@float@everytoks=\toks19
\@floatcapt=\box28
)
(/usr/share/texlive/texmf-dist/tex/latex/base/ifthen.sty
Package: ifthen 2001/05/26 v1.1c Standard LaTeX ifthen package (DPC)
)
(/usr/share/texlive/texmf-dist/tex/latex/tools/calc.sty
Package: calc 2007/08/22 v4.3 Infix arithmetic (KKT,FJ)
\calc@Acount=\count92
\calc@Bcount=\count93
\calc@Adimen=\dimen103
\calc@Bdimen=\dimen104
\calc@Askip=\skip43
\calc@Bskip=\skip44
LaTeX Info: Redefining \setlength on input line 76.
LaTeX Info: Redefining \addtolength on input line 77.
\calc@Ccount=\count94
\calc@Cskip=\skip45
)
(/usr/share/texlive/texmf-dist/tex/latex/ifplatform/ifplatform.sty
Package: ifplatform 2010/10/22 v0.4 Testing for the operating system

(/usr/share/texlive/texmf-dist/tex/generic/oberdiek/catchfile.sty
Package: catchfile 2011/03/01 v1.6 Catch the contents of a file (HO)

(/usr/share/texlive/texmf-dist/tex/generic/oberdiek/etexcmds.sty
Package: etexcmds 2011/02/16 v1.5 Avoid name clashes with e-TeX commands (HO)
))
runsystem(uname -s > "rapport.w18")...executed.


(./rapport.w18)
runsystem(rm -- "rapport.w18")...executed.

)
\minted@bgbox=\box29
\minted@code=\write4
\@float@every@listing=\toks20
\c@listing=\count95
)
runsystem(which pygmentize && touch rapport.aex)...executed.

runsystem(rm rapport.aex)...executed.


(/usr/share/texlive/texmf-dist/tex/latex/graphics/graphicx.sty
Package: graphicx 1999/02/16 v1.0f Enhanced LaTeX Graphics (DPC,SPQR)

(/usr/share/texlive/texmf-dist/tex/latex/graphics/graphics.sty
Package: graphics 2009/02/05 v1.0o Standard LaTeX Graphics (DPC,SPQR)

(/usr/share/texlive/texmf-dist/tex/latex/graphics/trig.sty
Package: trig 1999/03/16 v1.09 sin cos tan (DPC)
)
(/usr/share/texlive/texmf-dist/tex/latex/latexconfig/graphics.cfg
File: graphics.cfg 2010/04/23 v1.9 graphics configuration of TeX Live
)
Package graphics Info: Driver file: pdftex.def on input line 91.
)
\Gin@req@height=\dimen105
\Gin@req@width=\dimen106
)
(/usr/share/texlive/texmf-dist/tex/latex/tools/tabularx.sty
Package: tabularx 1999/01/07 v2.07 `tabularx' package (DPC)

(/usr/share/texlive/texmf-dist/tex/latex/tools/array.sty
Package: array 2008/09/09 v2.4c Tabular extension package (FMi)
\col@sep=\dimen107
\extrarowheight=\dimen108
\NC@list=\toks21
\extratabsurround=\skip46
\backup@length=\skip47
)
\TX@col@width=\dimen109
\TX@old@table=\dimen110
\TX@old@col=\dimen111
\TX@target=\dimen112
\TX@delta=\dimen113
\TX@cols=\count96
\TX@ftn=\toks22
)
(/usr/share/texlive/texmf-dist/tex/latex/etoolbox/etoolbox.sty
Package: etoolbox 2011/01/03 v2.1 e-TeX tools for LaTeX

(/usr/share/texlive/texmf-dist/tex/latex/etex-pkg/etex.sty
Package: etex 1998/03/26 v2.0 eTeX basic definition package (PEB)
\et@xins=\count97
)
\etb@tempcnta=\count98
) (./rapport.aux)
LaTeX Font Info:    Checking defaults for OML/cmm/m/it on input line 24.
LaTeX Font Info:    ... okay on input line 24.
LaTeX Font Info:    Checking defaults for T1/cmr/m/n on input line 24.
LaTeX Font Info:    ... okay on input line 24.
LaTeX Font Info:    Checking defaults for OT1/cmr/m/n on input line 24.
LaTeX Font Info:    ... okay on input line 24.
LaTeX Font Info:    Checking defaults for OMS/cmsy/m/n on input line 24.
LaTeX Font Info:    ... okay on input line 24.
LaTeX Font Info:    Checking defaults for OMX/cmex/m/n on input line 24.
LaTeX Font Info:    ... okay on input line 24.
LaTeX Font Info:    Checking defaults for U/cmr/m/n on input line 24.
LaTeX Font Info:    ... okay on input line 24.

(/usr/share/texlive/texmf-dist/tex/context/base/supp-pdf.mkii
[Loading MPS to PDF converter (version 2006.09.02).]
\scratchcounter=\count99
\scratchdimen=\dimen114
\scratchbox=\box30
\nofMPsegments=\count100
\nofMParguments=\count101
\everyMPshowfont=\toks23
\MPscratchCnt=\count102
\MPscratchDim=\dimen115
\MPnumerator=\count103
\makeMPintoPDFobject=\count104
\everyMPtoPDFconversion=\toks24
)
runsystem(pygmentize -S default -f latex > rapport.pyg)...executed.

 (./rapport.pyg)
(/usr/share/texlive/texmf-dist/tex/latex/oberdiek/epstopdf-base.sty
Package: epstopdf-base 2010/02/09 v2.5 Base part for package epstopdf

(/usr/share/texlive/texmf-dist/tex/latex/oberdiek/grfext.sty
Package: grfext 2010/08/19 v1.1 Manage graphics extensions (HO)

(/usr/share/texlive/texmf-dist/tex/generic/oberdiek/kvdefinekeys.sty
Package: kvdefinekeys 2011/04/07 v1.3 Define keys (HO)
))
(/usr/share/texlive/texmf-dist/tex/latex/oberdiek/kvoptions.sty
Package: kvoptions 2011/06/30 v3.11 Key value format for package options (HO)

(/usr/share/texlive/texmf-dist/tex/generic/oberdiek/kvsetkeys.sty
Package: kvsetkeys 2012/04/25 v1.16 Key value parser (HO)
))
Package grfext Info: Graphics extension search list:
(grfext)             [.png,.pdf,.jpg,.mps,.jpeg,.jbig2,.jb2,.PNG,.PDF,.JPG,.JPEG
,.JBIG2,.JB2,.eps]
(grfext)             \AppendGraphicsExtensions on input line 452.

(/usr/share/texlive/texmf-dist/tex/latex/latexconfig/epstopdf-sys.cfg
File: epstopdf-sys.cfg 2010/07/13 v1.3 Configuration of (r)epstopdf for TeX Live

))
LaTeX Font Info:    External font `cmex10' loaded for size
(Font)              <7> on input line 31.
LaTeX Font Info:    External font `cmex10' loaded for size
(Font)              <5> on input line 31.

[1

{/var/lib/texmf/fonts/map/pdftex/updmap/pdftex.map}]
LaTeX Font Info:    Try loading font information for OMS+cmr on input line 61.

(/usr/share/texlive/texmf-dist/tex/latex/base/omscmr.fd
File: omscmr.fd 1999/05/25 v2.5h Standard LaTeX font definitions
)
LaTeX Font Info:    Font shape `OMS/cmr/m/n' in size <10> not available
(Font)              Font shape `OMS/cmsy/m/n' tried instead on input line 61.
runsystem(pygmentize -l cpp -f latex -F tokenmerge             -P "verboptions= 
" -o rapport.out.pyg rapport.pyg)...executed.

 (./rapport.out.pyg
LaTeX Font Info:    Font shape `OT1/cmtt/bx/n' in size <10> not available
(Font)              Font shape `OT1/cmtt/m/n' tried instead on input line 2.

[1])
runsystem(rm rapport.out.pyg)...executed.

runsystem(rm rapport.pyg)...executed.

runsystem(pygmentize -l cpp -f latex -F tokenmerge             -P "verboptions= 
" -o rapport.out.pyg rapport.pyg)...executed.

 (./rapport.out.pyg)
runsystem(rm rapport.out.pyg)...executed.

runsystem(rm rapport.pyg)...executed.

runsystem(pygmentize -l cpp -f latex -F tokenmerge             -P "verboptions= 
" -o rapport.out.pyg rapport.pyg)...executed.

 (./rapport.out.pyg [2])
runsystem(rm rapport.out.pyg)...executed.

runsystem(rm rapport.pyg)...executed.

runsystem(pygmentize -l cpp -f latex -F tokenmerge             -P "verboptions= 
" -o rapport.out.pyg rapport.pyg)...executed.

 (./rapport.out.pyg)
runsystem(rm rapport.out.pyg)...executed.

runsystem(rm rapport.pyg)...executed.

runsystem(pygmentize -l cpp -f latex -F tokenmerge             -P "verboptions= 
" -o rapport.out.pyg rapport.pyg)...executed.


(./rapport.out.pyg [3])
runsystem(rm rapport.out.pyg)...executed.

runsystem(rm rapport.pyg)...executed.

runsystem(pygmentize -l cpp -f latex -F tokenmerge             -P "verboptions= 
" -o rapport.out.pyg rapport.pyg)...executed.

 (./rapport.out.pyg [4])
runsystem(rm rapport.out.pyg)...executed.

runsystem(rm rapport.pyg)...executed.


<GrafikTest.png, id=26, 800.9925pt x 525.965pt>
File: GrafikTest.png Graphic file (type png)
 <use GrafikTest.png>
Package pdftex.def Info: GrafikTest.png used on input line 253.
(pdftex.def)             Requested size: 240.29959pt x 157.79071pt.
 [5 <./GrafikTest.png (PNG copy)>] (./rapport.aux) )

Here is how much of LuaTeX's memory you used:
 3741 strings out of 493819
 100000,552014 words of node,token memory allocated
 286 words of node memory still in use:
   2 hlist, 1 vlist, 1 rule, 2 glue, 43 glue_spec, 1 write nodes
   avail lists: 1:2,2:15,3:55,4:961,5:155,6:1608,7:13,9:94,10:94
 7264 multiletter control sequences out of 65536+600000
 37 fonts using 1465911 bytes
 37i,6n,37p,771b,261s stack positions out of 5000i,500n,10000p,200000b,100000s
</usr/share/texlive/texmf-dist/fonts/type1/public/amsfonts/cm/cmbx10.pfb></usr/s
hare/texlive/texmf-dist/fonts/type1/public/amsfonts/cm/cmbx12.pfb></usr/share/te
xlive/texmf-dist/fonts/type1/public/amsfonts/cm/cmcsc10.pfb></usr/share/texlive/
texmf-dist/fonts/type1/public/amsfonts/cm/cmitt10.pfb></usr/share/texlive/texmf-
dist/fonts/type1/public/amsfonts/cm/cmmi10.pfb></usr/share/texlive/texmf-dist/fo
nts/type1/public/amsfonts/cm/cmr10.pfb></usr/share/texlive/texmf-dist/fonts/type
1/public/amsfonts/cm/cmsy10.pfb></usr/share/texlive/texmf-dist/fonts/type1/publi
c/amsfonts/cm/cmtt10.pfb>
Output written on rapport.pdf (6 pages, 121667 bytes).

PDF statistics: 56 PDF objects out of 1000 (max. 8388607)
 38 compressed objects within 1 object stream
 0 named destinations out of 1000 (max. 131072)
 1 words of extra memory for PDF output out of 10000 (max. 10000000)

