\BOOKMARK [1][-]{section.1}{Problem Description}{}% 1
\BOOKMARK [1][-]{section.2}{Problem Definition}{}% 2
\BOOKMARK [1][-]{section.3}{Learning Goals}{}% 3
\BOOKMARK [1][-]{section.4}{Project Specifications}{}% 4
\BOOKMARK [1][-]{section.5}{Project Limitations}{}% 5
\BOOKMARK [1][-]{section.6}{Project Justification}{}% 6
\BOOKMARK [2][-]{subsection.6.1}{Justification of a Quantitative Library}{section.6}% 7
\BOOKMARK [2][-]{subsection.6.2}{Language Justification}{section.6}% 8
\BOOKMARK [1][-]{section.7}{Problem Analysis}{}% 9
\BOOKMARK [2][-]{subsection.7.1}{Financial Concepts}{section.7}% 10
\BOOKMARK [3][-]{subsubsection.7.1.1}{Terminology}{subsection.7.1}% 11
\BOOKMARK [3][-]{subsubsection.7.1.2}{Swaps}{subsection.7.1}% 12
\BOOKMARK [3][-]{subsubsection.7.1.3}{Valuation of Swaps}{subsection.7.1}% 13
\BOOKMARK [1][-]{section.8}{Architecture Design}{}% 14
\BOOKMARK [2][-]{subsection.8.1}{Analysis}{section.8}% 15
\BOOKMARK [2][-]{subsection.8.2}{Implementation}{section.8}% 16
\BOOKMARK [3][-]{subsubsection.8.2.1}{Cashflow}{subsection.8.2}% 17
\BOOKMARK [3][-]{subsubsection.8.2.2}{Coupons}{subsection.8.2}% 18
\BOOKMARK [3][-]{subsubsection.8.2.3}{Fixed and Floating Rate Coupon}{subsection.8.2}% 19
\BOOKMARK [3][-]{subsubsection.8.2.4}{Swaps}{subsection.8.2}% 20
\BOOKMARK [3][-]{subsubsection.8.2.5}{VanillaSwaps}{subsection.8.2}% 21
